# JRE version: Java(TM) SE Runtime Environment 18.9 (11.0.11+9) (build 11.0.11+9-LTS-194)
# Java VM: Java HotSpot(TM) 64-Bit Server VM 18.9 (11.0.11+9-LTS-194, mixed mode, tiered, compressed oops, g1 gc, windows-amd64)
Heap:
 garbage-first heap   total 1046528K, used 297293K [0x00000000c0200000, 0x0000000100000000)
  region size 1024K, 2 young (2048K), 2 survivors (2048K)
 Metaspace       used 7359K, capacity 7461K, committed 7680K, reserved 1056768K
  class space    used 653K, capacity 672K, committed 768K, reserved 1048576K
GC Heap History (10 events):
Event: 0.473 GC heap before
{Heap before GC invocations=4 (full 0):
 garbage-first heap   total 103424K, used 58298K [0x00000000c0200000, 0x0000000100000000)
  region size 1024K, 1 young (1024K), 1 survivors (1024K)
 Metaspace       used 6440K, capacity 6607K, committed 6784K, reserved 1056768K
  class space    used 566K, capacity 602K, committed 640K, reserved 1048576K
}
Event: 0.475 GC heap after
{Heap after GC invocations=5 (full 0):
 garbage-first heap   total 103424K, used 38826K [0x00000000c0200000, 0x0000000100000000)
  region size 1024K, 1 young (1024K), 1 survivors (1024K)
 Metaspace       used 6440K, capacity 6607K, committed 6784K, reserved 1056768K
  class space    used 566K, capacity 602K, committed 640K, reserved 1048576K
}
Event: 0.675 GC heap before
{Heap before GC invocations=6 (full 0):
 garbage-first heap   total 178176K, used 113578K [0x00000000c0200000, 0x0000000100000000)
  region size 1024K, 1 young (1024K), 1 survivors (1024K)
 Metaspace       used 6440K, capacity 6607K, committed 6784K, reserved 1056768K
  class space    used 566K, capacity 602K, committed 640K, reserved 1048576K
}
Event: 0.677 GC heap after
{Heap after GC invocations=7 (full 0):
 garbage-first heap   total 178176K, used 75650K [0x00000000c0200000, 0x0000000100000000)
  region size 1024K, 1 young (1024K), 1 survivors (1024K)
 Metaspace       used 6440K, capacity 6607K, committed 6784K, reserved 1056768K
  class space    used 566K, capacity 602K, committed 640K, reserved 1048576K
}
Event: 1.065 GC heap before
{Heap before GC invocations=8 (full 0):
 garbage-first heap   total 326656K, used 224130K [0x00000000c0200000, 0x0000000100000000)
  region size 1024K, 1 young (1024K), 1 survivors (1024K)
 Metaspace       used 6440K, capacity 6607K, committed 6784K, reserved 1056768K
  class space    used 566K, capacity 602K, committed 640K, reserved 1048576K
}
Event: 1.080 GC heap after
{Heap after GC invocations=9 (full 0):
 garbage-first heap   total 326656K, used 149355K [0x00000000c0200000, 0x0000000100000000)
  region size 1024K, 1 young (1024K), 1 survivors (1024K)
 Metaspace       used 6440K, capacity 6607K, committed 6784K, reserved 1056768K
  class space    used 566K, capacity 602K, committed 640K, reserved 1048576K
}
Event: 1.917 GC heap before
{Heap before GC invocations=10 (full 0):
 garbage-first heap   total 622592K, used 446315K [0x00000000c0200000, 0x0000000100000000)
  region size 1024K, 3 young (3072K), 1 survivors (1024K)
 Metaspace       used 7359K, capacity 7461K, committed 7680K, reserved 1056768K
  class space    used 653K, capacity 672K, committed 768K, reserved 1048576K
}
Event: 1.919 GC heap after
{Heap after GC invocations=11 (full 0):
 garbage-first heap   total 622592K, used 297236K [0x00000000c0200000, 0x0000000100000000)
  region size 1024K, 2 young (2048K), 2 survivors (2048K)
 Metaspace       used 7359K, capacity 7461K, committed 7680K, reserved 1056768K
  class space    used 653K, capacity 672K, committed 768K, reserved 1048576K
}
Event: 1.920 GC heap before
{Heap before GC invocations=11 (full 0):
 garbage-first heap   total 622592K, used 297236K [0x00000000c0200000, 0x0000000100000000)
  region size 1024K, 2 young (2048K), 2 survivors (2048K)
 Metaspace       used 7359K, capacity 7461K, committed 7680K, reserved 1056768K
  class space    used 653K, capacity 672K, committed 768K, reserved 1048576K
}
Event: 1.923 GC heap after
{Heap after GC invocations=12 (full 0):
 garbage-first heap   total 622592K, used 297293K [0x00000000c0200000, 0x0000000100000000)
  region size 1024K, 2 young (2048K), 2 survivors (2048K)
 Metaspace       used 7359K, capacity 7461K, committed 7680K, reserved 1056768K
  class space    used 653K, capacity 672K, committed 768K, reserved 1048576K
}

